<?xml version="1.0" encoding="UTF-8"?>
<!-- Generated by org.testng.reporters.JUnitXMLReporter -->
<testsuite ignored="0" hostname="DESKTOP-6D3RGMH" failures="0" tests="3" name="TestCase" time="0.136" errors="0" timestamp="2024-11-29T20:53:09 IST">
  <testcase classname="Admin_UserMangt2" name="UpdateUserInfo" time="0.002"/>
  <testcase classname="Admin_UserMangt2" name="addANewUser" time="0.001"/>
  <testcase classname="Admin_UserMangt2" name="deleteAUser" time="0.002"/>
</testsuite> <!-- TestCase -->
