<?xml version="1.0" encoding="UTF-8"?>
<!-- Generated by org.testng.reporters.JUnitXMLReporter -->
<testsuite ignored="0" hostname="DESKTOP-6D3RGMH" failures="0" tests="2" name="TestCase" time="18.736" errors="0" timestamp="2024-12-14T15:57:14 IST">
  <testcase classname="DashboardTest" name="@AfterTest tearDown" time="0.002">
    <failure type="java.lang.NullPointerException" message="Cannot invoke &amp;quot;com.microsoft.playwright.Page.close()&amp;quot; because &amp;quot;this.page&amp;quot; is null">
      <![CDATA[java.lang.NullPointerException: Cannot invoke "com.microsoft.playwright.Page.close()" because "this.page" is null
at DashboardTest.tearDown(DashboardTest.java:61)
at com.intellij.rt.testng.IDEARemoteTestNG.run(IDEARemoteTestNG.java:65)
at com.intellij.rt.testng.RemoteTestNGStarter.main(RemoteTestNGStarter.java:105)
... Removed 19 stack frames]]>
    </failure>
  </testcase> <!-- @AfterTest tearDown -->
  <testcase classname="DashboardTest" name="navigateToAdminPageTest" time="3.378"/>
  <testcase classname="DashboardTest" name="navigateToPIMPageTest" time="1.293"/>
</testsuite> <!-- TestCase -->
