<?xml version="1.0" encoding="UTF-8"?>
<testng-results ignored="0" total="1" passed="1" failed="0" skipped="0">
  <reporter-output>
  </reporter-output>
  <suite started-at="2024-12-14T12:02:09 IST" name="Default Suite" finished-at="2024-12-14T12:02:27 IST" duration-ms="17870">
    <groups>
      <group name="smoke test">
        <method signature="LoginTest.loginApp()[pri:1, instance:LoginTest@79ca92b9]" name="loginApp" class="LoginTest"/>
      </group> <!-- smoke test -->
    </groups>
    <test started-at="2024-12-14T12:02:09 IST" name="PlaywrightPageObjectModel" finished-at="2024-12-14T12:02:27 IST" duration-ms="17870">
      <class name="LoginTest">
        <test-method is-config="true" signature="setup()[pri:0, instance:LoginTest@79ca92b9]" started-at="2024-12-14T12:02:09 IST" name="setup" finished-at="2024-12-14T12:02:24 IST" duration-ms="14608" status="PASS">
          <reporter-output>
          </reporter-output>
        </test-method> <!-- setup -->
        <test-method signature="loginApp()[pri:1, instance:LoginTest@79ca92b9]" started-at="2024-12-14T12:02:24 IST" name="loginApp" description="Login feature" finished-at="2024-12-14T12:02:27 IST" duration-ms="3175" status="PASS">
          <reporter-output>
          </reporter-output>
        </test-method> <!-- loginApp -->
        <test-method is-config="true" signature="tearDown()[pri:0, instance:LoginTest@79ca92b9]" started-at="2024-12-14T12:02:27 IST" name="tearDown" finished-at="2024-12-14T12:02:27 IST" duration-ms="1" status="PASS">
          <reporter-output>
          </reporter-output>
        </test-method> <!-- tearDown -->
      </class> <!-- LoginTest -->
    </test> <!-- PlaywrightPageObjectModel -->
  </suite> <!-- Default Suite -->
</testng-results>
