<?xml version="1.0" encoding="UTF-8"?>
<testng-results ignored="0" total="3" passed="3" failed="0" skipped="0">
  <reporter-output>
  </reporter-output>
  <suite started-at="2024-11-29T20:53:09 IST" name="All Test Suite" finished-at="2024-11-29T20:53:09 IST" duration-ms="136">
    <groups>
    </groups>
    <test started-at="2024-11-29T20:53:09 IST" name="TestCase" finished-at="2024-11-29T20:53:09 IST" duration-ms="136">
      <class name="Admin_UserMangt2">
        <test-method is-config="true" signature="loginpage()[pri:0, instance:Admin_UserMangt2@48524010]" started-at="2024-11-29T20:53:09 IST" name="loginpage" finished-at="2024-11-29T20:53:09 IST" duration-ms="22" status="PASS">
          <reporter-output>
          </reporter-output>
        </test-method> <!-- loginpage -->
        <test-method signature="UpdateUserInfo()[pri:0, instance:Admin_UserMangt2@48524010]" started-at="2024-11-29T20:53:09 IST" name="UpdateUserInfo" finished-at="2024-11-29T20:53:09 IST" duration-ms="2" status="PASS">
          <reporter-output>
          </reporter-output>
        </test-method> <!-- UpdateUserInfo -->
        <test-method is-config="true" signature="logoutApp()[pri:0, instance:Admin_UserMangt2@48524010]" started-at="2024-11-29T20:53:09 IST" name="logoutApp" finished-at="2024-11-29T20:53:09 IST" duration-ms="2" status="PASS">
          <reporter-output>
          </reporter-output>
        </test-method> <!-- logoutApp -->
        <test-method is-config="true" signature="loginpage()[pri:0, instance:Admin_UserMangt2@48524010]" started-at="2024-11-29T20:53:09 IST" name="loginpage" finished-at="2024-11-29T20:53:09 IST" duration-ms="1" status="PASS">
          <reporter-output>
          </reporter-output>
        </test-method> <!-- loginpage -->
        <test-method signature="addANewUser()[pri:0, instance:Admin_UserMangt2@48524010]" started-at="2024-11-29T20:53:09 IST" name="addANewUser" finished-at="2024-11-29T20:53:09 IST" duration-ms="1" status="PASS">
          <reporter-output>
          </reporter-output>
        </test-method> <!-- addANewUser -->
        <test-method is-config="true" signature="logoutApp()[pri:0, instance:Admin_UserMangt2@48524010]" started-at="2024-11-29T20:53:09 IST" name="logoutApp" finished-at="2024-11-29T20:53:09 IST" duration-ms="1" status="PASS">
          <reporter-output>
          </reporter-output>
        </test-method> <!-- logoutApp -->
        <test-method is-config="true" signature="loginpage()[pri:0, instance:Admin_UserMangt2@48524010]" started-at="2024-11-29T20:53:09 IST" name="loginpage" finished-at="2024-11-29T20:53:09 IST" duration-ms="1" status="PASS">
          <reporter-output>
          </reporter-output>
        </test-method> <!-- loginpage -->
        <test-method signature="deleteAUser()[pri:0, instance:Admin_UserMangt2@48524010]" started-at="2024-11-29T20:53:09 IST" name="deleteAUser" finished-at="2024-11-29T20:53:09 IST" duration-ms="2" status="PASS">
          <reporter-output>
          </reporter-output>
        </test-method> <!-- deleteAUser -->
        <test-method is-config="true" signature="logoutApp()[pri:0, instance:Admin_UserMangt2@48524010]" started-at="2024-11-29T20:53:09 IST" name="logoutApp" finished-at="2024-11-29T20:53:09 IST" duration-ms="1" status="PASS">
          <reporter-output>
          </reporter-output>
        </test-method> <!-- logoutApp -->
      </class> <!-- Admin_UserMangt2 -->
    </test> <!-- TestCase -->
  </suite> <!-- All Test Suite -->
</testng-results>
