<?xml version="1.0" encoding="UTF-8"?>
<testng-results ignored="0" total="2" passed="2" failed="0" skipped="0">
  <reporter-output>
  </reporter-output>
  <suite started-at="2024-12-14T16:19:03 IST" name="Default Suite" finished-at="2024-12-14T16:19:18 IST" duration-ms="14722">
    <groups>
    </groups>
    <test started-at="2024-12-14T16:19:03 IST" name="PlaywrightPageObjectModel" finished-at="2024-12-14T16:19:18 IST" duration-ms="14722">
      <class name="DashboardTest">
        <test-method is-config="true" signature="setup()[pri:0, instance:DashboardTest@5a955565]" started-at="2024-12-14T16:19:03 IST" name="setup" finished-at="2024-12-14T16:19:14 IST" duration-ms="10494" status="PASS">
          <reporter-output>
          </reporter-output>
        </test-method> <!-- setup -->
        <test-method is-config="true" signature="intialReportObject()[pri:0, instance:DashboardTest@5a955565]" started-at="2024-12-14T16:19:14 IST" name="intialReportObject" finished-at="2024-12-14T16:19:14 IST" duration-ms="325" status="PASS">
          <reporter-output>
          </reporter-output>
        </test-method> <!-- intialReportObject -->
        <test-method signature="navigateToAdminPageTest()[pri:0, instance:DashboardTest@5a955565]" started-at="2024-12-14T16:19:14 IST" name="navigateToAdminPageTest" description="Dashboard  Feature" finished-at="2024-12-14T16:19:17 IST" duration-ms="2246" status="PASS">
          <reporter-output>
          </reporter-output>
        </test-method> <!-- navigateToAdminPageTest -->
        <test-method signature="navigateToPIMPageTest()[pri:1, instance:DashboardTest@5a955565]" started-at="2024-12-14T16:19:17 IST" name="navigateToPIMPageTest" description="Dashboard  Feature" finished-at="2024-12-14T16:19:18 IST" duration-ms="1110" status="PASS">
          <reporter-output>
          </reporter-output>
        </test-method> <!-- navigateToPIMPageTest -->
        <test-method is-config="true" signature="tearDownReport()[pri:0, instance:DashboardTest@5a955565]" started-at="2024-12-14T16:19:18 IST" name="tearDownReport" finished-at="2024-12-14T16:19:18 IST" duration-ms="395" status="PASS">
          <reporter-output>
          </reporter-output>
        </test-method> <!-- tearDownReport -->
        <test-method is-config="true" signature="tearDown()[pri:0, instance:DashboardTest@5a955565]" started-at="2024-12-14T16:19:18 IST" name="tearDown" finished-at="2024-12-14T16:19:18 IST" duration-ms="88" status="PASS">
          <reporter-output>
          </reporter-output>
        </test-method> <!-- tearDown -->
      </class> <!-- DashboardTest -->
    </test> <!-- PlaywrightPageObjectModel -->
  </suite> <!-- Default Suite -->
</testng-results>
